#
# A fatal error has been detected by the Java Runtime Environment:
#
#  EXCEPTION_ACCESS_VIOLATION (0xc0000005) at pc=0x0000000057afc1fa, pid=17024, tid=0x0000000000001870
#
# JRE version: Java(TM) SE Runtime Environment (8.0_211-b12) (build 1.8.0_211-b12)
# Java VM: Java HotSpot(TM) 64-Bit Server VM (25.211-b12 mixed mode windows-amd64 compressed oops)
# Problematic frame:
# V  [jvm.dll+0x13c1fa]
#
# Failed to write core dump. Minidumps are not enabled by default on client versions of Windows
#
# If you would like to submit a bug report, please visit:
#   http://bugreport.java.com/bugreport/crash.jsp
#

---------------  T H R E A D  ---------------

Current thread (0x0000000002c14000):  JavaThread "main" [_thread_in_vm, id=6256, stack(0x0000000002930000,0x0000000002a30000)]

siginfo: ExceptionCode=0xc0000005, reading address 0x0000000000000000

Registers:
RAX=0x0000000000000000, RBX=0x0000000002c0be90, RCX=0x0000000000000000, RDX=0x0000000000000000
RSP=0x0000000002a2d550, RBP=0x0000000002c14780, RSI=0x0000000002c14770, RDI=0x0000000002c5a730
R8 =0x0000000000000000, R9 =0x0000000000000000, R10=0x0000000000000000, R11=0x0000000000000000
R12=0x0000000002c14b58, R13=0x0000000002c14000, R14=0x00000000000003d8, R15=0x0000000000000000
RIP=0x0000000057afc1fa, EFLAGS=0x0000000000010206

Top of Stack: (sp=0x0000000002a2d550)
0x0000000002a2d550:   0000000100000208 0000000000000001
0x0000000002a2d560:   0000000002c14000 0000000000000009
0x0000000002a2d570:   0000000002c5a730 0000000057a7fc7f
0x0000000002a2d580:   0000000002c0be90 0000000002c14000
0x0000000002a2d590:   0000000100000208 0000000000000005
0x0000000002a2d5a0:   0000000000000009 0000000057c3ad1e
0x0000000002a2d5b0:   00000000d64e3f80 0000000057bdeb02
0x0000000002a2d5c0:   0000000000000000 0000000000000abb
0x0000000002a2d5d0:   0000000000000000 0000000057a37e41
0x0000000002a2d5e0:   0000000002c14780 0000000057bd8625
0x0000000002a2d5f0:   0000000002c2f630 0000000002c14780
0x0000000002a2d600:   00000000295c940a 0000000002a2d660
0x0000000002a2d610:   0000000002c10cd0 0000000057a3805f
0x0000000002a2d620:   0000000002c0eee0 00000000295c940a
0x0000000002a2d630:   00000000295c940a 0000000002c10cd0
0x0000000002a2d640:   0000000000000009 00000000295c940a 

Instructions: (pc=0x0000000057afc1fa)
0x0000000057afc1da:   ff ca 88 41 ff 75 ef 43 c6 04 10 00 49 8b c2 c3
0x0000000057afc1ea:   cc cc cc cc cc cc 48 89 5c 24 08 57 48 83 ec 20
0x0000000057afc1fa:   0f b7 39 48 8b d9 33 d2 ff c7 48 63 cf e8 54 1a
0x0000000057afc20a:   fb ff 4c 8b d8 85 ff 7e 45 44 0f b7 03 8d 57 ff 


Register to memory mapping:

RAX=0x0000000000000000 is an unknown value
RBX=0x0000000002c0be90 is an unknown value
RCX=0x0000000000000000 is an unknown value
RDX=0x0000000000000000 is an unknown value
RSP=0x0000000002a2d550 is pointing into the stack for thread: 0x0000000002c14000
RBP=0x0000000002c14780 is an unknown value
RSI=0x0000000002c14770 is an unknown value
RDI=0x0000000002c5a730 is an unknown value
R8 =0x0000000000000000 is an unknown value
R9 =0x0000000000000000 is an unknown value
R10=0x0000000000000000 is an unknown value
R11=0x0000000000000000 is an unknown value
R12=0x0000000002c14b58 is an unknown value
R13=0x0000000002c14000 is a thread
R14=0x00000000000003d8 is an unknown value
R15=0x0000000000000000 is an unknown value


Stack: [0x0000000002930000,0x0000000002a30000],  sp=0x0000000002a2d550,  free space=1013k
Native frames: (J=compiled Java code, j=interpreted, Vv=VM code, C=native code)
V  [jvm.dll+0x13c1fa]
V  [jvm.dll+0xbfc7f]
V  [jvm.dll+0xc15a2]
V  [jvm.dll+0xbad30]
C  0x0000000002d42408

Java frames: (J=compiled Java code, j=interpreted, Vv=VM code)
j  com.test.jerseyapi.stepdefinitions.GetContractAndTierLevelTestStepsDef.get_contract_edit_service_called_via_postman()V+69
v  ~StubRoutines::call_stub
j  sun.reflect.NativeMethodAccessorImpl.invoke0(Ljava/lang/reflect/Method;Ljava/lang/Object;[Ljava/lang/Object;)Ljava/lang/Object;+0
j  sun.reflect.NativeMethodAccessorImpl.invoke(Ljava/lang/Object;[Ljava/lang/Object;)Ljava/lang/Object;+100
j  sun.reflect.DelegatingMethodAccessorImpl.invoke(Ljava/lang/Object;[Ljava/lang/Object;)Ljava/lang/Object;+6
j  java.lang.reflect.Method.invoke(Ljava/lang/Object;[Ljava/lang/Object;)Ljava/lang/Object;+56
j  cucumber.runtime.Utils$1.call()Ljava/lang/Object;+28
j  cucumber.runtime.Timeout.timeout(Lcucumber/runtime/Timeout$Callback;J)Ljava/lang/Object;+7
j  cucumber.runtime.Utils.invoke(Ljava/lang/Object;Ljava/lang/reflect/Method;J[Ljava/lang/Object;)Ljava/lang/Object;+20
j  cucumber.runtime.java.JavaStepDefinition.execute([Ljava/lang/Object;)V+25
j  cucumber.runner.PickleStepDefinitionMatch.runStep(Lcucumber/api/Scenario;)V+137
j  cucumber.runner.TestStep.executeStep(Lcucumber/runner/Scenario;Z)Lcucumber/api/Result$Type;+9
j  cucumber.runner.TestStep.run(Lcucumber/api/TestCase;Lcucumber/runner/EventBus;Lcucumber/runner/Scenario;Z)Z+45
j  cucumber.runner.PickleStepTestStep.run(Lcucumber/api/TestCase;Lcucumber/runner/EventBus;Lcucumber/runner/Scenario;Z)Z+63
j  cucumber.runner.TestCase.run(Lcucumber/runner/EventBus;)V+144
j  cucumber.runner.Runner.runPickle(Lgherkin/events/PickleEvent;)V+15
j  cucumber.runtime.junit.PickleRunners$NoStepDescriptions.run(Lorg/junit/runner/notification/RunNotifier;)V+37
j  cucumber.runtime.junit.FeatureRunner.runChild(Lcucumber/runtime/junit/PickleRunners$PickleRunner;Lorg/junit/runner/notification/RunNotifier;)V+2
j  cucumber.runtime.junit.FeatureRunner.runChild(Ljava/lang/Object;Lorg/junit/runner/notification/RunNotifier;)V+6
j  org.junit.runners.ParentRunner$3.run()V+12
j  org.junit.runners.ParentRunner$1.schedule(Ljava/lang/Runnable;)V+1
j  org.junit.runners.ParentRunner.runChildren(Lorg/junit/runner/notification/RunNotifier;)V+44
j  org.junit.runners.ParentRunner.access$000(Lorg/junit/runners/ParentRunner;Lorg/junit/runner/notification/RunNotifier;)V+2
j  org.junit.runners.ParentRunner$2.evaluate()V+8
j  org.junit.runners.ParentRunner.run(Lorg/junit/runner/notification/RunNotifier;)V+20
j  cucumber.runtime.junit.FeatureRunner.run(Lorg/junit/runner/notification/RunNotifier;)V+2
j  cucumber.api.junit.Cucumber.runChild(Lcucumber/runtime/junit/FeatureRunner;Lorg/junit/runner/notification/RunNotifier;)V+2
j  cucumber.api.junit.Cucumber.runChild(Ljava/lang/Object;Lorg/junit/runner/notification/RunNotifier;)V+6
j  org.junit.runners.ParentRunner$3.run()V+12
j  org.junit.runners.ParentRunner$1.schedule(Ljava/lang/Runnable;)V+1
j  org.junit.runners.ParentRunner.runChildren(Lorg/junit/runner/notification/RunNotifier;)V+44
j  org.junit.runners.ParentRunner.access$000(Lorg/junit/runners/ParentRunner;Lorg/junit/runner/notification/RunNotifier;)V+2
j  org.junit.runners.ParentRunner$2.evaluate()V+8
j  cucumber.api.junit.Cucumber$RunCucumber.evaluate()V+168
j  org.junit.runners.ParentRunner.run(Lorg/junit/runner/notification/RunNotifier;)V+20
j  org.eclipse.jdt.internal.junit4.runner.JUnit4TestReference.run(Lorg/eclipse/jdt/internal/junit/runner/TestExecution;)V+72
j  org.eclipse.jdt.internal.junit.runner.TestExecution.run([Lorg/eclipse/jdt/internal/junit/runner/ITestReference;)V+17
j  org.eclipse.jdt.internal.junit.runner.RemoteTestRunner.runTests([Ljava/lang/String;Ljava/lang/String;Lorg/eclipse/jdt/internal/junit/runner/TestExecution;)V+62
j  org.eclipse.jdt.internal.junit.runner.RemoteTestRunner.runTests(Lorg/eclipse/jdt/internal/junit/runner/TestExecution;)V+10
j  org.eclipse.jdt.internal.junit.runner.RemoteTestRunner.run()V+70
j  org.eclipse.jdt.internal.junit.runner.RemoteTestRunner.main([Ljava/lang/String;)V+14
v  ~StubRoutines::call_stub

---------------  P R O C E S S  ---------------

Java Threads: ( => current thread )
  0x0000000019e47800 JavaThread "ReaderThread" [_thread_in_native, id=1548, stack(0x000000001a620000,0x000000001a720000)]
  0x00000000196bc800 JavaThread "Service Thread" daemon [_thread_blocked, id=2836, stack(0x0000000019c20000,0x0000000019d20000)]
  0x00000000196c0000 JavaThread "C1 CompilerThread2" daemon [_thread_blocked, id=3420, stack(0x0000000019b20000,0x0000000019c20000)]
  0x00000000196bb800 JavaThread "C2 CompilerThread1" daemon [_thread_in_native, id=16484, stack(0x0000000019a20000,0x0000000019b20000)]
  0x00000000195cb800 JavaThread "C2 CompilerThread0" daemon [_thread_in_native, id=12040, stack(0x0000000019920000,0x0000000019a20000)]
  0x00000000178c6000 JavaThread "JDWP Command Reader" daemon [_thread_in_native, id=12024, stack(0x0000000019420000,0x0000000019520000)]
  0x00000000178c3000 JavaThread "JDWP Event Helper Thread" daemon [_thread_blocked, id=15408, stack(0x0000000019320000,0x0000000019420000)]
  0x00000000178b6000 JavaThread "JDWP Transport Listener: dt_socket" daemon [_thread_blocked, id=8516, stack(0x0000000019220000,0x0000000019320000)]
  0x00000000178ac000 JavaThread "Attach Listener" daemon [_thread_blocked, id=15832, stack(0x0000000018de0000,0x0000000018ee0000)]
  0x00000000178ab000 JavaThread "Signal Dispatcher" daemon [_thread_blocked, id=5016, stack(0x0000000018ce0000,0x0000000018de0000)]
  0x0000000002d0e800 JavaThread "Finalizer" daemon [_thread_blocked, id=17048, stack(0x0000000018af0000,0x0000000018bf0000)]
  0x0000000002d04000 JavaThread "Reference Handler" daemon [_thread_blocked, id=8528, stack(0x00000000189f0000,0x0000000018af0000)]
=>0x0000000002c14000 JavaThread "main" [_thread_in_vm, id=6256, stack(0x0000000002930000,0x0000000002a30000)]

Other Threads:
  0x0000000017868000 VMThread [stack: 0x00000000188f0000,0x00000000189f0000] [id=16320]
  0x00000000197d8800 WatcherThread [stack: 0x0000000019d20000,0x0000000019e20000] [id=10080]

VM state:not at safepoint (normal execution)

VM Mutex/Monitor currently owned by a thread: None

heap address: 0x0000000081000000, size: 2032 MB, Compressed Oops mode: 32-bit
Narrow klass base: 0x0000000000000000, Narrow klass shift: 3
Compressed class space size: 1073741824 Address: 0x0000000100000000

Heap:
 PSYoungGen      total 38400K, used 14791K [0x00000000d5b00000, 0x00000000d8580000, 0x0000000100000000)
  eden space 33280K, 32% used [0x00000000d5b00000,0x00000000d6583540,0x00000000d7b80000)
  from space 5120K, 78% used [0x00000000d8080000,0x00000000d846e918,0x00000000d8580000)
  to   space 5120K, 0% used [0x00000000d7b80000,0x00000000d7b80000,0x00000000d8080000)
 ParOldGen       total 87552K, used 16K [0x0000000081000000, 0x0000000086580000, 0x00000000d5b00000)
  object space 87552K, 0% used [0x0000000081000000,0x0000000081004000,0x0000000086580000)
 Metaspace       used 11320K, capacity 11422K, committed 11648K, reserved 1058816K
  class space    used 1358K, capacity 1395K, committed 1408K, reserved 1048576K

Card table byte_map: [0x00000000120d0000,0x00000000124d0000] byte_map_base: 0x0000000011cc8000

Marking Bits: (ParMarkBitMap*) 0x00000000581e5ce0
 Begin Bits: [0x0000000012b80000, 0x0000000014b40000)
 End Bits:   [0x0000000014b40000, 0x0000000016b00000)

Polling page: 0x00000000007f0000

CodeCache: size=245760Kb used=4535Kb max_used=4605Kb free=241224Kb
 bounds [0x0000000002d10000, 0x00000000031c0000, 0x0000000011d10000]
 total_blobs=1189 nmethods=865 adapters=245
 compilation: enabled

Compilation events (10 events):
Event: 366.041 Thread 0x00000000195cb800 nmethod 863 0x0000000003108150 code [0x0000000003108380, 0x0000000003108f00]
Event: 366.042 Thread 0x00000000196c0000  866       3       java.util.regex.Pattern::closure (477 bytes)
Event: 366.042 Thread 0x00000000195cb800  864       4       org.eclipse.jdt.launching.internal.org.objectweb.asm.MethodWriter::putMethodInfo (1431 bytes)
Event: 366.063 Thread 0x00000000196c0000 nmethod 866 0x0000000003115050 code [0x00000000031156c0, 0x0000000003119848]
Event: 366.064 Thread 0x00000000196c0000  867       3       java.util.regex.Pattern$CharProperty::<init> (5 bytes)
Event: 366.064 Thread 0x00000000196c0000 nmethod 867 0x00000000030fb390 code [0x00000000030fb500, 0x00000000030fb790]
Event: 366.065 Thread 0x00000000196c0000  868       3       java.util.regex.Pattern$CharProperty::<init> (5 bytes)
Event: 366.065 Thread 0x00000000196c0000 nmethod 868 0x0000000003114bd0 code [0x0000000003114d40, 0x0000000003114f70]
Event: 366.087 Thread 0x00000000196c0000  870       3       java.util.regex.Matcher::group (112 bytes)
Event: 366.090 Thread 0x00000000196c0000 nmethod 870 0x000000000310bb90 code [0x000000000310bde0, 0x000000000310cba8]

GC Heap History (4 events):
Event: 0.964 GC heap before
{Heap before GC invocations=1 (full 0):
 PSYoungGen      total 38400K, used 33280K [0x00000000d5b00000, 0x00000000d8580000, 0x0000000100000000)
  eden space 33280K, 100% used [0x00000000d5b00000,0x00000000d7b80000,0x00000000d7b80000)
  from space 5120K, 0% used [0x00000000d8080000,0x00000000d8080000,0x00000000d8580000)
  to   space 5120K, 0% used [0x00000000d7b80000,0x00000000d7b80000,0x00000000d8080000)
 ParOldGen       total 87552K, used 0K [0x0000000081000000, 0x0000000086580000, 0x00000000d5b00000)
  object space 87552K, 0% used [0x0000000081000000,0x0000000081000000,0x0000000086580000)
 Metaspace       used 7866K, capacity 8018K, committed 8192K, reserved 1056768K
  class space    used 894K, capacity 945K, committed 1024K, reserved 1048576K
Event: 0.971 GC heap after
Heap after GC invocations=1 (full 0):
 PSYoungGen      total 38400K, used 3327K [0x00000000d5b00000, 0x00000000d8580000, 0x0000000100000000)
  eden space 33280K, 0% used [0x00000000d5b00000,0x00000000d5b00000,0x00000000d7b80000)
  from space 5120K, 64% used [0x00000000d7b80000,0x00000000d7ebfc68,0x00000000d8080000)
  to   space 5120K, 0% used [0x00000000d8080000,0x00000000d8080000,0x00000000d8580000)
 ParOldGen       total 87552K, used 8K [0x0000000081000000, 0x0000000086580000, 0x00000000d5b00000)
  object space 87552K, 0% used [0x0000000081000000,0x0000000081002000,0x0000000086580000)
 Metaspace       used 7866K, capacity 8018K, committed 8192K, reserved 1056768K
  class space    used 894K, capacity 945K, committed 1024K, reserved 1048576K
}
Event: 1.495 GC heap before
{Heap before GC invocations=2 (full 0):
 PSYoungGen      total 38400K, used 36607K [0x00000000d5b00000, 0x00000000d8580000, 0x0000000100000000)
  eden space 33280K, 100% used [0x00000000d5b00000,0x00000000d7b80000,0x00000000d7b80000)
  from space 5120K, 64% used [0x00000000d7b80000,0x00000000d7ebfc68,0x00000000d8080000)
  to   space 5120K, 0% used [0x00000000d8080000,0x00000000d8080000,0x00000000d8580000)
 ParOldGen       total 87552K, used 8K [0x0000000081000000, 0x0000000086580000, 0x00000000d5b00000)
  object space 87552K, 0% used [0x0000000081000000,0x0000000081002000,0x0000000086580000)
 Metaspace       used 10550K, capacity 10622K, committed 10880K, reserved 1058816K
  class space    used 1262K, capacity 1299K, committed 1408K, reserved 1048576K
Event: 1.503 GC heap after
Heap after GC invocations=2 (full 0):
 PSYoungGen      total 38400K, used 4026K [0x00000000d5b00000, 0x00000000d8580000, 0x0000000100000000)
  eden space 33280K, 0% used [0x00000000d5b00000,0x00000000d5b00000,0x00000000d7b80000)
  from space 5120K, 78% used [0x00000000d8080000,0x00000000d846e918,0x00000000d8580000)
  to   space 5120K, 0% used [0x00000000d7b80000,0x00000000d7b80000,0x00000000d8080000)
 ParOldGen       total 87552K, used 16K [0x0000000081000000, 0x0000000086580000, 0x00000000d5b00000)
  object space 87552K, 0% used [0x0000000081000000,0x0000000081004000,0x0000000086580000)
 Metaspace       used 10550K, capacity 10622K, committed 10880K, reserved 1058816K
  class space    used 1262K, capacity 1299K, committed 1408K, reserved 1048576K
}

Deoptimization events (9 events):
Event: 0.687 Thread 0x0000000002c14000 Uncommon trap: reason=unstable_if action=reinterpret pc=0x0000000002e92be0 method=org.eclipse.jdt.launching.internal.org.objectweb.asm.ClassReader.readUtf(II[C)Ljava/lang/String; @ 41
Event: 0.687 Thread 0x0000000002c14000 Uncommon trap: reason=unstable_if action=reinterpret pc=0x0000000002f0e0a4 method=org.eclipse.jdt.launching.internal.org.objectweb.asm.ByteVector.putUTF8(Ljava/lang/String;)Lorg/eclipse/jdt/launching/internal/org/objectweb/asm/ByteVector; @ 100
Event: 1.016 Thread 0x0000000002c14000 Uncommon trap: reason=unstable_if action=reinterpret pc=0x0000000002f847ac method=org.eclipse.jdt.launching.internal.org.objectweb.asm.ByteVector.encodeUtf8(Ljava/lang/String;II)Lorg/eclipse/jdt/launching/internal/org/objectweb/asm/ByteVector; @ 37
Event: 1.188 Thread 0x0000000002c14000 Uncommon trap: reason=unstable_if action=reinterpret pc=0x00000000030671bc method=sun.nio.cs.UTF_8$Decoder.decode([BII[C)I @ 30
Event: 1.210 Thread 0x0000000002c14000 Uncommon trap: reason=unstable_if action=reinterpret pc=0x0000000003044230 method=sun.misc.MetaIndex.mayContain(Ljava/lang/String;)Z @ 38
Event: 366.064 Thread 0x0000000002c14000 Uncommon trap: reason=bimorphic action=maybe_recompile pc=0x00000000030e7264 method=java.util.regex.Pattern$CharProperty.match(Ljava/util/regex/Matcher;ILjava/lang/CharSequence;)Z @ 18
Event: 366.064 Thread 0x0000000002c14000 Uncommon trap: reason=bimorphic action=maybe_recompile pc=0x00000000030e7264 method=java.util.regex.Pattern$CharProperty.match(Ljava/util/regex/Matcher;ILjava/lang/CharSequence;)Z @ 18
Event: 366.064 Thread 0x0000000002c14000 Uncommon trap: reason=bimorphic action=maybe_recompile pc=0x00000000030e7264 method=java.util.regex.Pattern$CharProperty.match(Ljava/util/regex/Matcher;ILjava/lang/CharSequence;)Z @ 18
Event: 366.064 Thread 0x0000000002c14000 Uncommon trap: reason=bimorphic action=maybe_recompile pc=0x00000000030e7264 method=java.util.regex.Pattern$CharProperty.match(Ljava/util/regex/Matcher;ILjava/lang/CharSequence;)Z @ 18

Classes redefined (7 events):
Event: 288.833 Thread 0x0000000017868000 redefined class name=com.test.jerseyapi.stepdefinitions.GetContractAndTierLevelTestStepsDef, count=1
Event: 328.615 Thread 0x0000000017868000 redefined class name=com.test.jerseyapi.stepdefinitions.GetContractAndTierLevelTestStepsDef, count=2
Event: 332.776 Thread 0x0000000017868000 redefined class name=com.test.jerseyapi.stepdefinitions.GetContractAndTierLevelTestStepsDef, count=3
Event: 335.636 Thread 0x0000000017868000 redefined class name=com.test.jerseyapi.stepdefinitions.GetContractAndTierLevelTestStepsDef, count=4
Event: 349.887 Thread 0x0000000017868000 redefined class name=com.test.jerseyapi.stepdefinitions.GetContractAndTierLevelTestStepsDef, count=5
Event: 356.795 Thread 0x0000000017868000 redefined class name=com.test.jerseyapi.stepdefinitions.GetContractAndTierLevelTestStepsDef, count=6
Event: 361.948 Thread 0x0000000017868000 redefined class name=com.test.jerseyapi.stepdefinitions.GetContractAndTierLevelTestStepsDef, count=7

Internal exceptions (10 events):
Event: 1.112 Thread 0x0000000002c14000 Exception <a 'java/lang/ArrayIndexOutOfBoundsException'> (0x00000000d64b59c8) thrown at [C:\re\workspace\8-2-build-windows-amd64-cygwin\jdk8u211\12973\hotspot\src\share\vm\runtime\sharedRuntime.cpp, line 605]
Event: 1.113 Thread 0x0000000002c14000 Exception <a 'java/lang/ArrayIndexOutOfBoundsException'> (0x00000000d64c25a8) thrown at [C:\re\workspace\8-2-build-windows-amd64-cygwin\jdk8u211\12973\hotspot\src\share\vm\runtime\sharedRuntime.cpp, line 605]
Event: 1.114 Thread 0x0000000002c14000 Exception <a 'java/lang/ArrayIndexOutOfBoundsException'> (0x00000000d64cf2f0) thrown at [C:\re\workspace\8-2-build-windows-amd64-cygwin\jdk8u211\12973\hotspot\src\share\vm\runtime\sharedRuntime.cpp, line 605]
Event: 1.115 Thread 0x0000000002c14000 Exception <a 'java/lang/ArrayIndexOutOfBoundsException'> (0x00000000d64dcf30) thrown at [C:\re\workspace\8-2-build-windows-amd64-cygwin\jdk8u211\12973\hotspot\src\share\vm\runtime\sharedRuntime.cpp, line 605]
Event: 1.116 Thread 0x0000000002c14000 Exception <a 'java/lang/ArrayIndexOutOfBoundsException'> (0x00000000d64eac98) thrown at [C:\re\workspace\8-2-build-windows-amd64-cygwin\jdk8u211\12973\hotspot\src\share\vm\runtime\sharedRuntime.cpp, line 605]
Event: 1.204 Thread 0x0000000002c14000 Exception <a 'java/lang/NoClassDefFoundError': org/springframework/test/context/TestContextManager> (0x00000000d6cc41c8) thrown at [C:\re\workspace\8-2-build-windows-amd64-cygwin\jdk8u211\12973\hotspot\src\share\vm\classfile\systemDictionary.cpp, line 199
Event: 1.204 Thread 0x0000000002c14000 Exception <a 'java/lang/NoClassDefFoundError'> (0x00000000d6cc41c8) thrown at [C:\re\workspace\8-2-build-windows-amd64-cygwin\jdk8u211\12973\hotspot\src\share\vm\prims\jvm.cpp, line 1506]
Event: 1.234 Thread 0x0000000002c14000 Exception <a 'java/lang/NoClassDefFoundError': org/springframework/test/context/TestContextManager> (0x00000000d6e13d40) thrown at [C:\re\workspace\8-2-build-windows-amd64-cygwin\jdk8u211\12973\hotspot\src\share\vm\classfile\systemDictionary.cpp, line 199
Event: 1.234 Thread 0x0000000002c14000 Exception <a 'java/lang/NoClassDefFoundError'> (0x00000000d6e13d40) thrown at [C:\re\workspace\8-2-build-windows-amd64-cygwin\jdk8u211\12973\hotspot\src\share\vm\prims\jvm.cpp, line 1506]
Event: 1.398 Thread 0x0000000002c14000 Exception <a 'java/lang/NoClassDefFoundError': org/apache/log4j/Priority> (0x00000000d757b428) thrown at [C:\re\workspace\8-2-build-windows-amd64-cygwin\jdk8u211\12973\hotspot\src\share\vm\classfile\systemDictionary.cpp, line 199]

Events (10 events):
Event: 366.094 Thread 0x0000000002c14000 DEOPT PACKING pc=0x0000000002f29981 sp=0x0000000002a2c470
Event: 366.094 Thread 0x0000000002c14000 DEOPT UNPACKING pc=0x0000000002d57890 sp=0x0000000002a2c1c0 mode 1
Event: 366.094 Executing VM operation: RevokeBias
Event: 366.095 Executing VM operation: RevokeBias done
Event: 366.095 Thread 0x0000000002c14000 DEOPT PACKING pc=0x0000000002f12dbc sp=0x0000000002a2c4f0
Event: 366.095 Thread 0x0000000002c14000 DEOPT UNPACKING pc=0x0000000002d57890 sp=0x0000000002a2c310 mode 1
Event: 366.095 Executing VM operation: RevokeBias
Event: 366.095 Executing VM operation: RevokeBias done
Event: 366.095 Thread 0x0000000002c14000 DEOPT PACKING pc=0x0000000002f12b54 sp=0x0000000002a2c680
Event: 366.095 Thread 0x0000000002c14000 DEOPT UNPACKING pc=0x0000000002d57890 sp=0x0000000002a2c4a0 mode 1


Dynamic libraries:
0x00007ff791450000 - 0x00007ff791487000 	C:\Program Files\Java\jdk1.8.0_211\bin\javaw.exe
0x00007ffc7da90000 - 0x00007ffc7dc71000 	C:\WINDOWS\SYSTEM32\ntdll.dll
0x00007ffc7c340000 - 0x00007ffc7c3f1000 	C:\WINDOWS\System32\KERNEL32.DLL
0x00007ffc7a0b0000 - 0x00007ffc7a323000 	C:\WINDOWS\System32\KERNELBASE.dll
0x00007ffc7be00000 - 0x00007ffc7bea1000 	C:\WINDOWS\System32\ADVAPI32.dll
0x00007ffc7b180000 - 0x00007ffc7b21e000 	C:\WINDOWS\System32\msvcrt.dll
0x00007ffc7bf20000 - 0x00007ffc7bf7b000 	C:\WINDOWS\System32\sechost.dll
0x00007ffc7b250000 - 0x00007ffc7b374000 	C:\WINDOWS\System32\RPCRT4.dll
0x00007ffc7b380000 - 0x00007ffc7b510000 	C:\WINDOWS\System32\USER32.dll
0x00007ffc79fe0000 - 0x00007ffc7a000000 	C:\WINDOWS\System32\win32u.dll
0x00007ffc7b220000 - 0x00007ffc7b248000 	C:\WINDOWS\System32\GDI32.dll
0x00007ffc7aa40000 - 0x00007ffc7abd1000 	C:\WINDOWS\System32\gdi32full.dll
0x00007ffc79ec0000 - 0x00007ffc79f5f000 	C:\WINDOWS\System32\msvcp_win.dll
0x00007ffc7add0000 - 0x00007ffc7aec8000 	C:\WINDOWS\System32\ucrtbase.dll
0x00007ffc72970000 - 0x00007ffc72bd9000 	C:\WINDOWS\WinSxS\amd64_microsoft.windows.common-controls_6595b64144ccf1df_6.0.17134.829_none_fb46a5473061b9d5\COMCTL32.dll
0x00007ffc7bf80000 - 0x00007ffc7c2a2000 	C:\WINDOWS\System32\combase.dll
0x00007ffc79f60000 - 0x00007ffc79fda000 	C:\WINDOWS\System32\bcryptPrimitives.dll
0x00007ffc7c310000 - 0x00007ffc7c33d000 	C:\WINDOWS\System32\IMM32.DLL
0x0000000058270000 - 0x0000000058342000 	C:\Program Files\Java\jdk1.8.0_211\jre\bin\msvcr100.dll
0x00000000579c0000 - 0x0000000058265000 	C:\Program Files\Java\jdk1.8.0_211\jre\bin\server\jvm.dll
0x00007ffc7af20000 - 0x00007ffc7af28000 	C:\WINDOWS\System32\PSAPI.DLL
0x00007ffc70090000 - 0x00007ffc700b3000 	C:\WINDOWS\SYSTEM32\WINMM.dll
0x00007ffc75890000 - 0x00007ffc7589a000 	C:\WINDOWS\SYSTEM32\VERSION.dll
0x00007ffc73bb0000 - 0x00007ffc73bb9000 	C:\WINDOWS\SYSTEM32\WSOCK32.dll
0x00007ffc7bc30000 - 0x00007ffc7bc9c000 	C:\WINDOWS\System32\WS2_32.dll
0x00007ffc6f060000 - 0x00007ffc6f08a000 	C:\WINDOWS\SYSTEM32\WINMMBASE.dll
0x00007ffc7aed0000 - 0x00007ffc7af19000 	C:\WINDOWS\System32\cfgmgr32.dll
0x00007ffc71ba0000 - 0x00007ffc71baf000 	C:\Program Files\Java\jdk1.8.0_211\jre\bin\verify.dll
0x00007ffc56db0000 - 0x00007ffc56dd9000 	C:\Program Files\Java\jdk1.8.0_211\jre\bin\java.dll
0x00007ffc65d10000 - 0x00007ffc65d45000 	C:\Program Files\Java\jdk1.8.0_211\jre\bin\jdwp.dll
0x00007ffc6a100000 - 0x00007ffc6a108000 	C:\Program Files\Java\jdk1.8.0_211\jre\bin\npt.dll
0x00007ffc60c90000 - 0x00007ffc60cb3000 	C:\Program Files\Java\jdk1.8.0_211\jre\bin\instrument.dll
0x00007ffc56d90000 - 0x00007ffc56da6000 	C:\Program Files\Java\jdk1.8.0_211\jre\bin\zip.dll
0x00007ffc7c580000 - 0x00007ffc7d9c0000 	C:\WINDOWS\System32\SHELL32.dll
0x00007ffc7af30000 - 0x00007ffc7afd9000 	C:\WINDOWS\System32\shcore.dll
0x00007ffc7a330000 - 0x00007ffc7aa3d000 	C:\WINDOWS\System32\windows.storage.dll
0x00007ffc7bec0000 - 0x00007ffc7bf11000 	C:\WINDOWS\System32\shlwapi.dll
0x00007ffc79e20000 - 0x00007ffc79e31000 	C:\WINDOWS\System32\kernel.appcore.dll
0x00007ffc79df0000 - 0x00007ffc79e0f000 	C:\WINDOWS\System32\profapi.dll
0x00007ffc79da0000 - 0x00007ffc79dec000 	C:\WINDOWS\System32\powrprof.dll
0x00007ffc79e10000 - 0x00007ffc79e1a000 	C:\WINDOWS\System32\FLTLIB.DLL
0x00007ffc694c0000 - 0x00007ffc694c9000 	C:\Program Files\Java\jdk1.8.0_211\jre\bin\dt_socket.dll
0x00007ffc696b0000 - 0x00007ffc696c6000 	C:\WINDOWS\system32\napinsp.dll
0x00007ffc66300000 - 0x00007ffc6631a000 	C:\WINDOWS\system32\pnrpnsp.dll
0x00007ffc760b0000 - 0x00007ffc760c9000 	C:\WINDOWS\system32\NLAapi.dll
0x00007ffc79620000 - 0x00007ffc79686000 	C:\WINDOWS\System32\mswsock.dll
0x00007ffc793f0000 - 0x00007ffc794ae000 	C:\WINDOWS\SYSTEM32\DNSAPI.dll
0x00007ffc7beb0000 - 0x00007ffc7beb8000 	C:\WINDOWS\System32\NSI.dll
0x00007ffc793b0000 - 0x00007ffc793e8000 	C:\WINDOWS\SYSTEM32\IPHLPAPI.DLL
0x00007ffc6c770000 - 0x00007ffc6c77e000 	C:\WINDOWS\System32\winrnr.dll
0x00007ffc6d000000 - 0x00007ffc6d015000 	C:\WINDOWS\System32\wshbth.dll
0x00007ffc732b0000 - 0x00007ffc73322000 	C:\WINDOWS\System32\fwpuclnt.dll
0x00007ffc79900000 - 0x00007ffc79925000 	C:\WINDOWS\SYSTEM32\bcrypt.dll
0x00007ffc75a30000 - 0x00007ffc75a3a000 	C:\Windows\System32\rasadhlp.dll
0x00007ffc56d40000 - 0x00007ffc56d5a000 	C:\Program Files\Java\jdk1.8.0_211\jre\bin\net.dll
0x00007ffc707f0000 - 0x00007ffc709b9000 	C:\WINDOWS\SYSTEM32\urlmon.dll
0x00007ffc70540000 - 0x00007ffc707e6000 	C:\WINDOWS\SYSTEM32\iertutil.dll
0x00007ffc797f0000 - 0x00007ffc797fb000 	C:\WINDOWS\SYSTEM32\CRYPTBASE.DLL
0x00007ffc74920000 - 0x00007ffc74ae9000 	C:\WINDOWS\SYSTEM32\dbghelp.dll

VM Arguments:
jvm_args: -agentlib:jdwp=transport=dt_socket,suspend=y,address=localhost:55174 -ea -javaagent:C:\Program Files\eclipse-jee-2019-03-R-win32-x86_64 (1)\eclipse\configuration\org.eclipse.osgi\409\0\.cp\lib\javaagent-shaded.jar -Dfile.encoding=UTF-8 
java_command: org.eclipse.jdt.internal.junit.runner.RemoteTestRunner -version 3 -port 55173 -testLoaderClass org.eclipse.jdt.internal.junit4.runner.JUnit4TestLoader -loaderpluginname org.eclipse.jdt.junit4.runtime -classNames com.test.jerseyapi.cucumbertests.GetContractAndTierLevelTest
java_class_path (initial): E:\Projects\Kaleem Brohi\jerseyapi\bin\main;E:\Projects\Kaleem Brohi\jerseyapi\bin\test;C:\Users\User\.m2\repository\javax\servlet\javax.servlet-api\3.0.1\javax.servlet-api-3.0.1.jar;C:\Users\User\.gradle\caches\modules-2\files-2.1\com.fasterxml.jackson.core\jackson-databind\2.9.9\d6eb9817d9c7289a91f043ac5ee02a6b3cc86238\jackson-databind-2.9.9.jar;C:\Users\User\.gradle\caches\modules-2\files-2.1\com.fasterxml.jackson.core\jackson-core\2.9.9\bfff5af9fb8347d26bbb7959cb9b4fe9a2b0ca5e\jackson-core-2.9.9.jar;C:\Users\User\.m2\repository\com\fasterxml\jackson\core\jackson-annotations\2.9.9\jackson-annotations-2.9.9.jar;C:\Users\User\.gradle\caches\modules-2\files-2.1\org.springframework\spring-webmvc\4.3.7.RELEASE\d25b11a605589f176e3ecf1dcae62a991a18b377\spring-webmvc-4.3.7.RELEASE.jar;C:\Users\User\.gradle\caches\modules-2\files-2.1\org.springframework\spring-web\4.3.7.RELEASE\7b69fc68cdb74c1c92f72905af6995696fcb56aa\spring-web-4.3.7.RELEASE.jar;C:\Users\User\.gradle\caches\modules-2\files-2.1\org.springframework\spring-context\4.3.7.RELEASE\34b66b0b7910122ef95ba4fff6da9238ef80a5de\spring-context-4.3.7.RELEASE.jar;C:\Users\User\.gradle\caches\modules-2\files-2.1\org.springframework\spring-aop\4.3.7.RELEASE\3f243d685e4a8a78a0c291445c6d85560ec4d339\spring-aop-4.3.7.RELEASE.jar;C:\Users\User\.gradle\caches\modules-2\files-2.1\org.springframework\spring-beans\4.3.7.RELEASE\2de9f59f3202965438f3a02057d6ad8274636044\spring-beans-4.3.7.RELEASE.jar;C:\Users\User\.gradle\caches\modules-2\files-2.1\org.springframework\spring-expression\4.3.7.RELEASE\5257b6486e43d8c05674323fea5b415d4da72f38\spring-expression-4.3.7.RELEASE.jar;C:\Users\User\.gradle\caches\modules-2\files-2.1\org.springframework\spring-core\4.3.7.RELEASE\54fa2db94cc7222edc90ec71354e47cd1dc07f7b\spring-core-4.3.7.RELEASE.jar;C:\Users\User\.m2\repository\commons-logging\commons-logging\1.2\commons-logging-1.2.jar;C:\Users\User\.gradle\caches\modules-2\files-2.1\io.cucumber\cucumber-spring\4.
Launcher Type: SUN_STANDARD

Environment Variables:
PATH=C:\Program Files\Java\jdk1.8.0_211\jre\bin;C:/Program Files/Java/jre1.8.0_211/bin/server;C:/Program Files/Java/jre1.8.0_211/bin;C:/Program Files/Java/jre1.8.0_211/lib/amd64;C:\Program Files (x86)\Common Files\Oracle\Java\javapath;C:\Windows\system32;C:\Windows;C:\Windows\System32\Wbem;C:\Windows\System32\WindowsPowerShell\v1.0\;C:\Program Files (x86)\NVIDIA Corporation\PhysX\Common;C:\WINDOWS\system32;C:\WINDOWS;C:\WINDOWS\System32\Wbem;C:\WINDOWS\System32\WindowsPowerShell\v1.0\;C:\WINDOWS\System32\OpenSSH\;C:\Program Files\Git\cmd;C:\gradle-5.5\bin;C:\Users\User\AppData\Local\Microsoft\WindowsApps;C:\gradle-5.5\bin;;C:\Program Files\eclipse-jee-2019-03-R-win32-x86_64 (1)\eclipse;
USERNAME=User
OS=Windows_NT
PROCESSOR_IDENTIFIER=Intel64 Family 6 Model 69 Stepping 1, GenuineIntel



---------------  S Y S T E M  ---------------

OS: Windows 10.0 , 64 bit Build 17134 (10.0.17134.753)

CPU:total 4 (initial active 4) (2 cores per cpu, 2 threads per core) family 6 model 69 stepping 1, cmov, cx8, fxsr, mmx, sse, sse2, sse3, ssse3, sse4.1, sse4.2, popcnt, avx, avx2, aes, clmul, erms, lzcnt, ht, tsc, tscinvbit, bmi1, bmi2

Memory: 4k page, physical 8321324k(2713260k free), swap 10287404k(1813272k free)

vm_info: Java HotSpot(TM) 64-Bit Server VM (25.211-b12) for windows-amd64 JRE (1.8.0_211-b12), built on Apr  1 2019 20:53:26 by "java_re" with MS VC++ 10.0 (VS2010)

time: Thu Jul 04 04:07:47 2019
timezone: Pakistan Standard Time
elapsed time: 366 seconds (0d 0h 6m 6s)

